<?xml version="1.0" encoding="UTF-8"?>
<!-- Generated by org.testng.reporters.JUnitReportReporter -->
<testsuite hostname="DESKTOP-I5FA279" failures="0" tests="1" name="com.actitime.testscript.CreateProject" time="0.019" errors="0" timestamp="2023-06-05T17:33:43 IST" skipped="0">
  <testcase classname="com.actitime.testscript.CreateProject" name="createProject" time="0.019"/>
  <system-out>
    <![CDATA[createProject]]>
  </system-out>
</testsuite> <!-- com.actitime.testscript.CreateProject -->
